app/build/outputs/logs/manifest-merger-release-report.txt
-- Merging decision tree log ---
manifest
ADDED from src\main\AndroidManifest.xml:2:1-181:12
	package
		ADDED from src\main\AndroidManifest.xml:3:5-37
		INJECTED from src\main\AndroidManifest.xml
		INJECTED from src\main\AndroidManifest.xml
	android:versionName
		INJECTED from src\main\AndroidManifest.xml
		INJECTED from src\main\AndroidManifest.xml
	xmlns:android
		ADDED from src\main\AndroidManifest.xml:2:11-69
	android:versionCode
		INJECTED from src\main\AndroidManifest.xml
		INJECTED from src\main\AndroidManifest.xml
uses-permission#android.permission.VIBRATE
ADDED from src\main\AndroidManifest.xml:5:5-66
	android:name
		ADDED from src\main\AndroidManifest.xml:5:22-63
application
ADDED from src\main\AndroidManifest.xml:7:5-179:19
MERGED from [com.android.support:appcompat-v7:25.3.1] AndroidManifest.xml:29:5-20
MERGED from [com.android.support:support-v4:25.3.1] AndroidManifest.xml:29:5-20
MERGED from [com.android.support:support-fragment:25.3.1] AndroidManifest.xml:29:5-20
MERGED from [com.android.support:support-media-compat:25.3.1] AndroidManifest.xml:29:5-20
MERGED from [com.android.support:support-core-ui:25.3.1] AndroidManifest.xml:29:5-20
MERGED from [com.android.support:support-core-utils:25.3.1] AndroidManifest.xml:29:5-20
MERGED from [com.android.support:animated-vector-drawable:25.3.1] AndroidManifest.xml:26:5-20
MERGED from [com.android.support:support-vector-drawable:25.3.1] AndroidManifest.xml:26:5-20
MERGED from [com.android.support:support-compat:25.3.1] AndroidManifest.xml:29:5-20
MERGED from [com.android.support.constraint:constraint-layout:1.0.2] AndroidManifest.xml:9:5-20
	android:label
		ADDED from src\main\AndroidManifest.xml:10:9-41
	android:supportsRtl
		ADDED from src\main\AndroidManifest.xml:12:9-35
	android:roundIcon
		ADDED from src\main\AndroidManifest.xml:11:9-54
	android:allowBackup
		ADDED from src\main\AndroidManifest.xml:8:9-35
	android:icon
		ADDED from src\main\AndroidManifest.xml:9:9-41
	android:theme
		ADDED from src\main\AndroidManifest.xml:13:9-40
activity#com.example.tahm_.hook.SplashActivity
ADDED from src\main\AndroidManifest.xml:15:9-21:20
	android:theme
		ADDED from src\main\AndroidManifest.xml:16:13-47
	android:name
		ADDED from src\main\AndroidManifest.xml:15:19-49
intent-filter#android.intent.action.MAIN+android.intent.category.LAUNCHER
ADDED from src\main\AndroidManifest.xml:17:13-20:29
action#android.intent.action.MAIN
ADDED from src\main\AndroidManifest.xml:18:17-69
	android:name
		ADDED from src\main\AndroidManifest.xml:18:25-66
category#android.intent.category.LAUNCHER
ADDED from src\main\AndroidManifest.xml:19:17-77
	android:name
		ADDED from src\main\AndroidManifest.xml:19:27-74
activity#com.example.tahm_.hook.Start
ADDED from src\main\AndroidManifest.xml:22:9-23:20
	android:name
		ADDED from src\main\AndroidManifest.xml:22:19-40
activity#com.example.tahm_.hook.Menu
ADDED from src\main\AndroidManifest.xml:24:9-42
	android:name
		ADDED from src\main\AndroidManifest.xml:24:19-39
intent-filter#android.intent.category.LAUNCHER
ADDED from src\main\AndroidManifest.xml:26:9-28:25
activity#com.example.tahm_.hook.Move
ADDED from src\main\AndroidManifest.xml:30:9-42
	android:name
		ADDED from src\main\AndroidManifest.xml:30:19-39
activity#com.example.tahm_.hook.Tropical_beach
ADDED from src\main\AndroidManifest.xml:36:9-40:20
	android:name
		ADDED from src\main\AndroidManifest.xml:36:19-49
activity#com.example.tahm_.hook.Swamp
ADDED from src\main\AndroidManifest.xml:41:9-45:20
	android:name
		ADDED from src\main\AndroidManifest.xml:41:19-40
activity#com.example.tahm_.hook.Finish
ADDED from src\main\AndroidManifest.xml:46:9-50:20
	android:name
		ADDED from src\main\AndroidManifest.xml:46:19-41
activity#com.example.tahm_.hook.Shop
ADDED from src\main\AndroidManifest.xml:51:9-55:20
	android:name
		ADDED from src\main\AndroidManifest.xml:51:19-39
activity#com.example.tahm_.hook.Aquarium
ADDED from src\main\AndroidManifest.xml:56:9-60:20
	android:name
		ADDED from src\main\AndroidManifest.xml:56:19-43
activity#com.example.tahm_.hook.Bermuda_triangle
ADDED from src\main\AndroidManifest.xml:61:9-65:20
	android:name
		ADDED from src\main\AndroidManifest.xml:61:19-51
activity#com.example.tahm_.hook.Fishing_0
ADDED from src\main\AndroidManifest.xml:66:9-70:20
	android:name
		ADDED from src\main\AndroidManifest.xml:66:19-44
activity#com.example.tahm_.hook.Fishing_catch
ADDED from src\main\AndroidManifest.xml:71:9-75:20
	android:name
		ADDED from src\main\AndroidManifest.xml:71:19-48
activity#com.example.tahm_.hook.Fishing_1
ADDED from src\main\AndroidManifest.xml:76:9-80:20
	android:name
		ADDED from src\main\AndroidManifest.xml:76:19-44
activity#com.example.tahm_.hook.Fishing_2
ADDED from src\main\AndroidManifest.xml:81:9-47
	android:name
		ADDED from src\main\AndroidManifest.xml:81:19-44
activity#com.example.tahm_.hook.Fishing_3
ADDED from src\main\AndroidManifest.xml:87:9-47
	android:name
		ADDED from src\main\AndroidManifest.xml:87:19-44
activity#com.example.tahm_.hook.Fishing_4
ADDED from src\main\AndroidManifest.xml:93:9-47
	android:name
		ADDED from src\main\AndroidManifest.xml:93:19-44
activity#com.example.tahm_.hook.Fishing_5
ADDED from src\main\AndroidManifest.xml:99:9-47
	android:name
		ADDED from src\main\AndroidManifest.xml:99:19-44
activity#com.example.tahm_.hook.Fishing_6
ADDED from src\main\AndroidManifest.xml:105:9-47
	android:name
		ADDED from src\main\AndroidManifest.xml:105:19-44
activity#com.example.tahm_.hook.Fishing_7
ADDED from src\main\AndroidManifest.xml:111:9-47
	android:name
		ADDED from src\main\AndroidManifest.xml:111:19-44
activity#com.example.tahm_.hook.Fishing_8
ADDED from src\main\AndroidManifest.xml:117:9-121:20
	android:name
		ADDED from src\main\AndroidManifest.xml:117:19-44
activity#com.example.tahm_.hook.Fishing_runaway
ADDED from src\main\AndroidManifest.xml:122:9-126:20
	android:name
		ADDED from src\main\AndroidManifest.xml:122:19-50
activity#com.example.tahm_.hook.Bait
ADDED from src\main\AndroidManifest.xml:127:9-131:20
	android:name
		ADDED from src\main\AndroidManifest.xml:127:19-39
activity#com.example.tahm_.hook.Inventory
ADDED from src\main\AndroidManifest.xml:132:9-47
	android:name
		ADDED from src\main\AndroidManifest.xml:132:19-44
activity#com.example.tahm_.hook.Real_fishing0
ADDED from src\main\AndroidManifest.xml:138:9-51
	android:name
		ADDED from src\main\AndroidManifest.xml:138:19-48
activity#com.example.tahm_.hook.Aquarium_swamp
ADDED from src\main\AndroidManifest.xml:144:9-148:20
	android:name
		ADDED from src\main\AndroidManifest.xml:144:19-49
activity#com.example.tahm_.hook.Aquarium_tropical1
ADDED from src\main\AndroidManifest.xml:149:9-56
	android:name
		ADDED from src\main\AndroidManifest.xml:149:19-53
activity#com.example.tahm_.hook.Aquarium_tropical2
ADDED from src\main\AndroidManifest.xml:155:9-56
	android:name
		ADDED from src\main\AndroidManifest.xml:155:19-53
activity#com.example.tahm_.hook.Aquarium_tropical3
ADDED from src\main\AndroidManifest.xml:161:9-56
	android:name
		ADDED from src\main\AndroidManifest.xml:161:19-53
activity#com.example.tahm_.hook.Aquarium_tropical4
ADDED from src\main\AndroidManifest.xml:167:9-56
	android:name
		ADDED from src\main\AndroidManifest.xml:167:19-53
activity#com.example.tahm_.hook.Aquarium_bermuda_triangle1
ADDED from src\main\AndroidManifest.xml:173:9-177:20
	android:name
		ADDED from src\main\AndroidManifest.xml:173:19-61
activity#com.example.tahm_.hook.Aquarium_bermuda_triangle2
ADDED from src\main\AndroidManifest.xml:178:9-73
	android:name
		ADDED from src\main\AndroidManifest.xml:178:19-61
uses-sdk
INJECTED from src\main\AndroidManifest.xml reason: use-sdk injection requested
MERGED from [com.android.support:appcompat-v7:25.3.1] AndroidManifest.xml:21:5-23:78
MERGED from [com.android.support:support-v4:25.3.1] AndroidManifest.xml:21:5-23:54
MERGED from [com.android.support:support-fragment:25.3.1] AndroidManifest.xml:21:5-23:60
MERGED from [com.android.support:support-media-compat:25.3.1] AndroidManifest.xml:21:5-23:63
MERGED from [com.android.support:support-core-ui:25.3.1] AndroidManifest.xml:21:5-23:58
MERGED from [com.android.support:support-core-utils:25.3.1] AndroidManifest.xml:21:5-23:61
MERGED from [com.android.support:animated-vector-drawable:25.3.1] AndroidManifest.xml:20:5-44
MERGED from [com.android.support:support-vector-drawable:25.3.1] AndroidManifest.xml:20:5-43
MERGED from [com.android.support:support-compat:25.3.1] AndroidManifest.xml:21:5-23:58
MERGED from [com.android.support.constraint:constraint-layout:1.0.2] AndroidManifest.xml:5:5-7:41
	tools:overrideLibrary
		ADDED from [com.android.support:appcompat-v7:25.3.1] AndroidManifest.xml:23:9-75
	android:targetSdkVersion
		INJECTED from src\main\AndroidManifest.xml
		INJECTED from src\main\AndroidManifest.xml
	android:minSdkVersion
		INJECTED from src\main\AndroidManifest.xml
		INJECTED from src\main\AndroidManifest.xml
meta-data#android.support.VERSION
ADDED from [com.android.support:appcompat-v7:25.3.1] AndroidManifest.xml:25:5-27:34
MERGED from [com.android.support:support-v4:25.3.1] AndroidManifest.xml:25:5-27:34
MERGED from [com.android.support:support-fragment:25.3.1] AndroidManifest.xml:25:5-27:34
MERGED from [com.android.support:support-media-compat:25.3.1] AndroidManifest.xml:25:5-27:34
MERGED from [com.android.support:support-core-ui:25.3.1] AndroidManifest.xml:25:5-27:34
MERGED from [com.android.support:support-core-utils:25.3.1] AndroidManifest.xml:25:5-27:34
MERGED from [com.android.support:animated-vector-drawable:25.3.1] AndroidManifest.xml:22:5-24:34
MERGED from [com.android.support:support-vector-drawable:25.3.1] AndroidManifest.xml:22:5-24:34
MERGED from [com.android.support:support-compat:25.3.1] AndroidManifest.xml:25:5-27:34
	android:value
		ADDED from [com.android.support:appcompat-v7:25.3.1] AndroidManifest.xml:27:9-31
	android:name
		ADDED from [com.android.support:appcompat-v7:25.3.1] AndroidManifest.xml:26:9-47